     Assembly listing for: hello.mas
                Assembled: Sat May 16 00:10:53 AMT 2020

000 1006 |         LOAD zerar        
001 3007 |         ADD valor1        
002 3008 |         ADD valor2        
003 3009 |         ADD valor3        
004 4007 |         SUBT valor1       
005 7000 |         HALT              
006 0000 |  zerar  DEC 0             
007 0064 |  valor1 DEC 0100          
008 00C8 |  valor2 DEC 0200          
009 012C |  valor3 DEC 0300          

Assembly successful.

         SYMBOL TABLE
         --------------------------------------------------
          Symbol | Defined | References 
         --------+---------+-------------------------------
          valor1 |   007   | 001, 004
          valor2 |   008   | 002
          valor3 |   009   | 003
          zerar  |   006   | 000
         --------------------------------------------------

